Arguments: 
  /data/data/com.termux/files/usr/bin/node /data/data/com.termux/files/usr/share/yarn/bin/yarn.js

PATH: 
  /data/data/com.termux/files/usr/bin:/data/data/com.termux/files/usr/bin/applets

Yarn version: 
  1.22.17

Node version: 
  17.7.2

Platform: 
  android arm64

Trace: 
  Error: EACCES: permission denied, symlink '../../../parser/bin/babel-parser.js' -> '/storage/emulated/0/newapp/node_modules/@babel/core/node_modules/.bin/parser'

npm manifest: 
  {
    "name": "newapp",
    "version": "1.0.0",
    "main": "node_modules/expo/AppEntry.js",
    "scripts": {
      "start": "expo start",
      "android": "expo start --android",
      "ios": "expo start --ios",
      "web": "expo start --web",
      "eject": "expo eject"
    },
    "dependencies": {
      "expo": "~44.0.0",
      "expo-status-bar": "~1.2.0",
      "react": "17.0.1",
      "react-dom": "17.0.1",
      "react-native": "0.64.3",
      "react-native-web": "0.17.1"
    },
    "devDependencies": {
      "@babel/core": "^7.12.9"
    },
    "private": true
  }

yarn manifest: 
  No manifest

Lockfile: 
  No lockfile
